xhail 0.5.2

calling '/usr/bin/gringo --version' to detect binary matching 'gringo|5.2'
calling '/usr/bin/clasp --version' to detect binary matching 'clasp|3.3'
Reading from 'toys/ec.lp'...

Solving...

/var/folders/x1/_wsv95gd217_mh0v274hr6b40000gn/T/xhail215251180227549263.tmp:10:1-8: error: lexer error, unexpected #domain
/var/folders/x1/_wsv95gd217_mh0v274hr6b40000gn/T/xhail215251180227549263.tmp:10:9-19: error: unsafe variables in:
time(S):-[#inc_base].
/var/folders/x1/_wsv95gd217_mh0v274hr6b40000gn/T/xhail215251180227549263.tmp:10:14-15: note: 'S' is unsafe
/var/folders/x1/_wsv95gd217_mh0v274hr6b40000gn/T/xhail215251180227549263.tmp:10:9-19: error: unsafe variables in:
time(T):-[#inc_base].
/var/folders/x1/_wsv95gd217_mh0v274hr6b40000gn/T/xhail215251180227549263.tmp:10:16-17: note: 'T' is unsafe
/var/folders/x1/_wsv95gd217_mh0v274hr6b40000gn/T/xhail215251180227549263.tmp:11:1-68: error: unsafe variables in:
holdsAt(F,T):-[#inc_base];initiates(E,F,S);happens(E,S);not clipped(S,F,T);S<T.
/var/folders/x1/_wsv95gd217_mh0v274hr6b40000gn/T/xhail215251180227549263.tmp:11:11-12: note: 'T' is unsafe
/var/folders/x1/_wsv95gd217_mh0v274hr6b40000gn/T/xhail215251180227549263.tmp:12:1-56: error: unsafe variables in:
clipped(S,F,T):-[#inc_base];terminates(E,F,R);happens(E,R);R<T;S<R.
/var/folders/x1/_wsv95gd217_mh0v274hr6b40000gn/T/xhail215251180227549263.tmp:12:9-10: note: 'S' is unsafe
/var/folders/x1/_wsv95gd217_mh0v274hr6b40000gn/T/xhail215251180227549263.tmp:12:13-14: note: 'T' is unsafe
/var/folders/x1/_wsv95gd217_mh0v274hr6b40000gn/T/xhail215251180227549263.tmp:13:1-47: error: unsafe variables in:
holdsAt(F,T):-[#inc_base];initially(F);not clipped(0,F,T).
/var/folders/x1/_wsv95gd217_mh0v274hr6b40000gn/T/xhail215251180227549263.tmp:13:11-12: note: 'T' is unsafe
*** ERROR: (gringo): grounding stopped because of errors
*** ERROR: (clasp): bad input stream
*** Info : (clasp): Try '--help' for usage information
solver process ended with exit value 128 (expect 30)!
*** ERROR (xhail): parseAnswer: expected ATOM but EOF found
*** Info  (xhail): try '-h' or '--help' for usage information
        0.59 real         0.49 user         0.10 sys
