xhail 0.5.2

calling '/usr/bin/gringo --version' to detect binary matching 'gringo|5.2'
calling '/usr/bin/clasp --version' to detect binary matching 'clasp|3.3'
Reading from 'toys/penguins_simple.lp'...

Solving...

got end of input with best value 3 and first value 3 (optimal result)
Generalization  3 support for flies(V1):-not penguin(V1).
got end of input with best value 2 and first value 2 (optimal result)
Answer 1:
  hypothesis:
    flies(V1):-not penguin(V1),bird(V1).
  uncovered:
    -

Answers     : 1
  optimal   : 1
  shown     : 1
Calls       : 2
Time        : 0.744s  (loading: 0.313s  1st answer: 0.741s)
  abduction : 0.092s
  deduction : 0.209s
  induction : 0.068s

        1.09 real         0.91 user         0.17 sys
