xhail 0.5.2

calling '/usr/bin/gringo --version' to detect binary matching 'gringo|5.2'
calling '/usr/bin/clasp --version' to detect binary matching 'clasp|3.3'
Reading from 'toys/penguins_simple.lp'...

Solving...

got end of input with best value 3 and first value 3 (optimal result)
Generalization  3 support for flies(V1):-not penguin(V1).
got end of input with best value 2 and first value 2 (optimal result)
Answer 1:
  hypothesis:
    flies(V1):-not penguin(V1),bird(V1).
  uncovered:
    -

Answers     : 1
  optimal   : 1
  shown     : 1
Calls       : 2
Time        : 0.402s  (loading: 0.162s  1st answer: 0.399s)
  abduction : 0.052s
  deduction : 0.115s
  induction : 0.037s

        0.56 real         0.66 user         0.11 sys
