xhail 0.5.2

calling '/usr/bin/gringo --version' to detect binary matching 'gringo|5.2'
calling '/usr/bin/clasp --version' to detect binary matching 'clasp|3.3'
Reading from 'toys/penguins_weighted.lp'...

Solving...

got end of input with best value 0 12 and first value 5 8 (optimal result)
Generalization  3 support for flies(V1):-not penguin(V1).
got end of input with best value 0 5 and first value 3 4 (optimal result)
Answer 1:
  hypothesis:
    flies(V1):-not penguin(V1),bird(V1).
  uncovered:
    -

Answers     : 1
  optimal   : 1
  shown     : 1
Calls       : 2
Time        : 0.441s  (loading: 0.187s  1st answer: 0.439s)
  abduction : 0.055s
  deduction : 0.113s
  induction : 0.039s

        0.60 real         0.70 user         0.12 sys
