xhail 0.5.2

calling '/usr/bin/gringo --version' to detect binary matching 'gringo|5.2'
calling '/usr/bin/clasp --version' to detect binary matching 'clasp|3.3'
Reading from 'toys/phone4_hard.lp'...

Solving...

/var/folders/x1/_wsv95gd217_mh0v274hr6b40000gn/T/xhail234428314467660785.tmp:15:1-8: error: lexer error, unexpected #domain
/var/folders/x1/_wsv95gd217_mh0v274hr6b40000gn/T/xhail234428314467660785.tmp:16:1-8: error: lexer error, unexpected #domain
/var/folders/x1/_wsv95gd217_mh0v274hr6b40000gn/T/xhail234428314467660785.tmp:17:1-8: error: lexer error, unexpected #domain
/var/folders/x1/_wsv95gd217_mh0v274hr6b40000gn/T/xhail234428314467660785.tmp:18:1-8: error: lexer error, unexpected #domain
/var/folders/x1/_wsv95gd217_mh0v274hr6b40000gn/T/xhail234428314467660785.tmp:19:1-8: error: lexer error, unexpected #domain
/var/folders/x1/_wsv95gd217_mh0v274hr6b40000gn/T/xhail234428314467660785.tmp:15:9-19: error: unsafe variables in:
fluent(F):-[#inc_base].
/var/folders/x1/_wsv95gd217_mh0v274hr6b40000gn/T/xhail234428314467660785.tmp:15:16-17: note: 'F' is unsafe
/var/folders/x1/_wsv95gd217_mh0v274hr6b40000gn/T/xhail234428314467660785.tmp:16:9-18: error: unsafe variables in:
event(E):-[#inc_base].
/var/folders/x1/_wsv95gd217_mh0v274hr6b40000gn/T/xhail234428314467660785.tmp:16:15-16: note: 'E' is unsafe
/var/folders/x1/_wsv95gd217_mh0v274hr6b40000gn/T/xhail234428314467660785.tmp:17:9-23: error: unsafe variables in:
time(T):-[#inc_base].
/var/folders/x1/_wsv95gd217_mh0v274hr6b40000gn/T/xhail234428314467660785.tmp:17:14-15: note: 'T' is unsafe
/var/folders/x1/_wsv95gd217_mh0v274hr6b40000gn/T/xhail234428314467660785.tmp:17:9-23: error: unsafe variables in:
time(T1):-[#inc_base].
/var/folders/x1/_wsv95gd217_mh0v274hr6b40000gn/T/xhail234428314467660785.tmp:17:16-18: note: 'T1' is unsafe
/var/folders/x1/_wsv95gd217_mh0v274hr6b40000gn/T/xhail234428314467660785.tmp:17:9-23: error: unsafe variables in:
time(T2):-[#inc_base].
/var/folders/x1/_wsv95gd217_mh0v274hr6b40000gn/T/xhail234428314467660785.tmp:17:19-21: note: 'T2' is unsafe
/var/folders/x1/_wsv95gd217_mh0v274hr6b40000gn/T/xhail234428314467660785.tmp:18:9-24: error: unsafe variables in:
phone(P):-[#inc_base].
/var/folders/x1/_wsv95gd217_mh0v274hr6b40000gn/T/xhail234428314467660785.tmp:18:15-16: note: 'P' is unsafe
/var/folders/x1/_wsv95gd217_mh0v274hr6b40000gn/T/xhail234428314467660785.tmp:18:9-24: error: unsafe variables in:
phone(P1):-[#inc_base].
/var/folders/x1/_wsv95gd217_mh0v274hr6b40000gn/T/xhail234428314467660785.tmp:18:17-19: note: 'P1' is unsafe
/var/folders/x1/_wsv95gd217_mh0v274hr6b40000gn/T/xhail234428314467660785.tmp:18:9-24: error: unsafe variables in:
phone(P2):-[#inc_base].
/var/folders/x1/_wsv95gd217_mh0v274hr6b40000gn/T/xhail234428314467660785.tmp:18:20-22: note: 'P2' is unsafe
/var/folders/x1/_wsv95gd217_mh0v274hr6b40000gn/T/xhail234428314467660785.tmp:19:9-18: error: unsafe variables in:
agent(A):-[#inc_base].
/var/folders/x1/_wsv95gd217_mh0v274hr6b40000gn/T/xhail234428314467660785.tmp:19:15-16: note: 'A' is unsafe
/var/folders/x1/_wsv95gd217_mh0v274hr6b40000gn/T/xhail234428314467660785.tmp:33:1-101: error: unsafe variables in:
initiates(dial(A,P1,P2),busySignal(P1),T):-[#inc_base];holdsAt(dialTone(P1),T);agent(A);not holdsAt(idle(P2),T).
/var/folders/x1/_wsv95gd217_mh0v274hr6b40000gn/T/xhail234428314467660785.tmp:33:21-23: note: 'P2' is unsafe
/var/folders/x1/_wsv95gd217_mh0v274hr6b40000gn/T/xhail234428314467660785.tmp:34:1-100: error: unsafe variables in:
terminates(dial(A,P1,P2),dialTone(P1),T):-[#inc_base];holdsAt(dialTone(P1),T);agent(A);not holdsAt(idle(P2),T).
/var/folders/x1/_wsv95gd217_mh0v274hr6b40000gn/T/xhail234428314467660785.tmp:34:22-24: note: 'P2' is unsafe
*** ERROR: (gringo): grounding stopped because of errors
*** ERROR: (clasp): bad input stream
*** Info : (clasp): Try '--help' for usage information
solver process ended with exit value 128 (expect 30)!
*** ERROR (xhail): parseAnswer: expected ATOM but EOF found
*** Info  (xhail): try '-h' or '--help' for usage information
        0.53 real         0.75 user         0.11 sys
