xhail 0.5.2

calling '/usr/bin/gringo --version' to detect binary matching 'gringo|5.2'
calling '/usr/bin/clasp --version' to detect binary matching 'clasp|3.3'
Reading from 'toys/phone4_ded.lp'...

Solving...

/var/folders/x1/_wsv95gd217_mh0v274hr6b40000gn/T/xhail6840539497142138565.tmp:5:1-8: error: lexer error, unexpected #domain
/var/folders/x1/_wsv95gd217_mh0v274hr6b40000gn/T/xhail6840539497142138565.tmp:6:1-8: error: lexer error, unexpected #domain
/var/folders/x1/_wsv95gd217_mh0v274hr6b40000gn/T/xhail6840539497142138565.tmp:7:1-8: error: lexer error, unexpected #domain
/var/folders/x1/_wsv95gd217_mh0v274hr6b40000gn/T/xhail6840539497142138565.tmp:8:1-8: error: lexer error, unexpected #domain
/var/folders/x1/_wsv95gd217_mh0v274hr6b40000gn/T/xhail6840539497142138565.tmp:9:1-8: error: lexer error, unexpected #domain
/var/folders/x1/_wsv95gd217_mh0v274hr6b40000gn/T/xhail6840539497142138565.tmp:5:9-19: error: unsafe variables in:
fluent(F):-[#inc_base].
/var/folders/x1/_wsv95gd217_mh0v274hr6b40000gn/T/xhail6840539497142138565.tmp:5:16-17: note: 'F' is unsafe
/var/folders/x1/_wsv95gd217_mh0v274hr6b40000gn/T/xhail6840539497142138565.tmp:6:9-18: error: unsafe variables in:
event(E):-[#inc_base].
/var/folders/x1/_wsv95gd217_mh0v274hr6b40000gn/T/xhail6840539497142138565.tmp:6:15-16: note: 'E' is unsafe
/var/folders/x1/_wsv95gd217_mh0v274hr6b40000gn/T/xhail6840539497142138565.tmp:7:9-23: error: unsafe variables in:
time(T):-[#inc_base].
/var/folders/x1/_wsv95gd217_mh0v274hr6b40000gn/T/xhail6840539497142138565.tmp:7:14-15: note: 'T' is unsafe
/var/folders/x1/_wsv95gd217_mh0v274hr6b40000gn/T/xhail6840539497142138565.tmp:7:9-23: error: unsafe variables in:
time(T1):-[#inc_base].
/var/folders/x1/_wsv95gd217_mh0v274hr6b40000gn/T/xhail6840539497142138565.tmp:7:16-18: note: 'T1' is unsafe
/var/folders/x1/_wsv95gd217_mh0v274hr6b40000gn/T/xhail6840539497142138565.tmp:7:9-23: error: unsafe variables in:
time(T2):-[#inc_base].
/var/folders/x1/_wsv95gd217_mh0v274hr6b40000gn/T/xhail6840539497142138565.tmp:7:19-21: note: 'T2' is unsafe
/var/folders/x1/_wsv95gd217_mh0v274hr6b40000gn/T/xhail6840539497142138565.tmp:8:9-24: error: unsafe variables in:
phone(P):-[#inc_base].
/var/folders/x1/_wsv95gd217_mh0v274hr6b40000gn/T/xhail6840539497142138565.tmp:8:15-16: note: 'P' is unsafe
/var/folders/x1/_wsv95gd217_mh0v274hr6b40000gn/T/xhail6840539497142138565.tmp:8:9-24: error: unsafe variables in:
phone(P1):-[#inc_base].
/var/folders/x1/_wsv95gd217_mh0v274hr6b40000gn/T/xhail6840539497142138565.tmp:8:17-19: note: 'P1' is unsafe
/var/folders/x1/_wsv95gd217_mh0v274hr6b40000gn/T/xhail6840539497142138565.tmp:8:9-24: error: unsafe variables in:
phone(P2):-[#inc_base].
/var/folders/x1/_wsv95gd217_mh0v274hr6b40000gn/T/xhail6840539497142138565.tmp:8:20-22: note: 'P2' is unsafe
/var/folders/x1/_wsv95gd217_mh0v274hr6b40000gn/T/xhail6840539497142138565.tmp:9:9-18: error: unsafe variables in:
agent(A):-[#inc_base].
/var/folders/x1/_wsv95gd217_mh0v274hr6b40000gn/T/xhail6840539497142138565.tmp:9:15-16: note: 'A' is unsafe
/var/folders/x1/_wsv95gd217_mh0v274hr6b40000gn/T/xhail6840539497142138565.tmp:28:1-101: error: unsafe variables in:
initiates(dial(A,P1,P2),busySignal(P1),T):-[#inc_base];holdsAt(dialTone(P1),T);agent(A);not holdsAt(idle(P2),T).
/var/folders/x1/_wsv95gd217_mh0v274hr6b40000gn/T/xhail6840539497142138565.tmp:28:21-23: note: 'P2' is unsafe
/var/folders/x1/_wsv95gd217_mh0v274hr6b40000gn/T/xhail6840539497142138565.tmp:29:1-100: error: unsafe variables in:
terminates(dial(A,P1,P2),dialTone(P1),T):-[#inc_base];holdsAt(dialTone(P1),T);agent(A);not holdsAt(idle(P2),T).
/var/folders/x1/_wsv95gd217_mh0v274hr6b40000gn/T/xhail6840539497142138565.tmp:29:22-24: note: 'P2' is unsafe
*** ERROR: (gringo): grounding stopped because of errors
*** ERROR: (clasp): bad input stream
*** Info : (clasp): Try '--help' for usage information
solver process ended with exit value 128 (expect 30)!
*** ERROR (xhail): parseAnswer: expected ATOM but EOF found
*** Info  (xhail): try '-h' or '--help' for usage information
        0.54 real         0.73 user         0.12 sys
